  [1m[35m (232.8ms)[0m  [1m[35mCREATE DATABASE "first_routes_controllers_development" ENCODING = 'unicode'[0m
  [1m[35m (140.8ms)[0m  [1m[35mCREATE DATABASE "first_routes_controllers_test" ENCODING = 'unicode'[0m
  [1m[35m (656.2ms)[0m  [1m[35mCREATE DATABASE "first_routes_controllers_development" ENCODING = 'unicode'[0m
  [1m[35m (324.2ms)[0m  [1m[35mCREATE DATABASE "first_routes_controllers_test" ENCODING = 'unicode'[0m
Started GET "/" for ::1 at 2024-02-14 13:30:17 -0800
  [1m[35m (66.6ms)[0m  [1m[35mCREATE TABLE "schema_migrations" ("version" character varying NOT NULL PRIMARY KEY)[0m
  [1m[35m (4.9ms)[0m  [1m[35mCREATE TABLE "ar_internal_metadata" ("key" character varying NOT NULL PRIMARY KEY, "value" character varying, "created_at" timestamp(6) NOT NULL, "updated_at" timestamp(6) NOT NULL)[0m
  [1m[36mActiveRecord::SchemaMigration Load (1.0ms)[0m  [1m[34mSELECT "schema_migrations"."version" FROM "schema_migrations" ORDER BY "schema_migrations"."version" ASC[0m
Processing by Rails::WelcomeController#index as HTML
  Rendering /Users/carolinezhang1/.rbenv/versions/3.1.1/lib/ruby/gems/3.1.0/gems/railties-7.1.3/lib/rails/templates/rails/welcome/index.html.erb
  Rendered /Users/carolinezhang1/.rbenv/versions/3.1.1/lib/ruby/gems/3.1.0/gems/railties-7.1.3/lib/rails/templates/rails/welcome/index.html.erb (Duration: 4.7ms | Allocations: 354)
Completed 200 OK in 40ms (Views: 18.4ms | ActiveRecord: 0.0ms | Allocations: 5098)


  [1m[35m (2.6ms)[0m  [1m[35mCREATE DATABASE "first_routes_controllers_development" ENCODING = 'unicode'[0m
  [1m[35m (1.0ms)[0m  [1m[35mCREATE DATABASE "first_routes_controllers_test" ENCODING = 'unicode'[0m
Started GET "/users" for ::1 at 2024-02-14 13:45:33 -0800
Processing by UsersController#index as */*
No template found for UsersController#index, rendering head :no_content
Completed 204 No Content in 3ms (ActiveRecord: 0.0ms | Allocations: 326)


Started GET "/users" for ::1 at 2024-02-14 13:46:19 -0800
Processing by UsersController#index as HTML
Completed 406 Not Acceptable in 2ms (ActiveRecord: 0.0ms | Allocations: 206)


  
ActionController::MissingExactTemplate (UsersController#index is missing a template for request formats: text/html):
  
actionpack (7.1.3) lib/action_controller/metal/implicit_render.rb:47:in `default_render'
actionpack (7.1.3) lib/action_controller/metal/basic_implicit_render.rb:7:in `send_action'
actionpack (7.1.3) lib/abstract_controller/base.rb:224:in `process_action'
actionpack (7.1.3) lib/action_controller/metal/rendering.rb:165:in `process_action'
actionpack (7.1.3) lib/abstract_controller/callbacks.rb:259:in `block in process_action'
activesupport (7.1.3) lib/active_support/callbacks.rb:101:in `run_callbacks'
actionpack (7.1.3) lib/abstract_controller/callbacks.rb:258:in `process_action'
actionpack (7.1.3) lib/action_controller/metal/rescue.rb:25:in `process_action'
actionpack (7.1.3) lib/action_controller/metal/instrumentation.rb:74:in `block in process_action'
activesupport (7.1.3) lib/active_support/notifications.rb:206:in `block in instrument'
activesupport (7.1.3) lib/active_support/notifications/instrumenter.rb:58:in `instrument'
activesupport (7.1.3) lib/active_support/notifications.rb:206:in `instrument'
actionpack (7.1.3) lib/action_controller/metal/instrumentation.rb:73:in `process_action'
actionpack (7.1.3) lib/action_controller/metal/params_wrapper.rb:261:in `process_action'
activerecord (7.1.3) lib/active_record/railties/controller_runtime.rb:32:in `process_action'
actionpack (7.1.3) lib/abstract_controller/base.rb:160:in `process'
actionview (7.1.3) lib/action_view/rendering.rb:40:in `process'
actionpack (7.1.3) lib/action_controller/metal.rb:227:in `dispatch'
actionpack (7.1.3) lib/action_controller/metal.rb:309:in `dispatch'
actionpack (7.1.3) lib/action_dispatch/routing/route_set.rb:49:in `dispatch'
actionpack (7.1.3) lib/action_dispatch/routing/route_set.rb:32:in `serve'
actionpack (7.1.3) lib/action_dispatch/journey/router.rb:51:in `block in serve'
actionpack (7.1.3) lib/action_dispatch/journey/router.rb:131:in `block in find_routes'
actionpack (7.1.3) lib/action_dispatch/journey/router.rb:124:in `each'
actionpack (7.1.3) lib/action_dispatch/journey/router.rb:124:in `find_routes'
actionpack (7.1.3) lib/action_dispatch/journey/router.rb:32:in `serve'
actionpack (7.1.3) lib/action_dispatch/routing/route_set.rb:882:in `call'
rack (3.0.9) lib/rack/tempfile_reaper.rb:20:in `call'
rack (3.0.9) lib/rack/etag.rb:29:in `call'
rack (3.0.9) lib/rack/conditional_get.rb:31:in `call'
rack (3.0.9) lib/rack/head.rb:15:in `call'
actionpack (7.1.3) lib/action_dispatch/http/permissions_policy.rb:36:in `call'
actionpack (7.1.3) lib/action_dispatch/http/content_security_policy.rb:33:in `call'
rack-session (2.0.0) lib/rack/session/abstract/id.rb:272:in `context'
rack-session (2.0.0) lib/rack/session/abstract/id.rb:266:in `call'
actionpack (7.1.3) lib/action_dispatch/middleware/cookies.rb:689:in `call'
activerecord (7.1.3) lib/active_record/migration.rb:655:in `call'
actionpack (7.1.3) lib/action_dispatch/middleware/callbacks.rb:29:in `block in call'
activesupport (7.1.3) lib/active_support/callbacks.rb:101:in `run_callbacks'
actionpack (7.1.3) lib/action_dispatch/middleware/callbacks.rb:28:in `call'
actionpack (7.1.3) lib/action_dispatch/middleware/executor.rb:14:in `call'
actionpack (7.1.3) lib/action_dispatch/middleware/actionable_exceptions.rb:16:in `call'
actionpack (7.1.3) lib/action_dispatch/middleware/debug_exceptions.rb:29:in `call'
actionpack (7.1.3) lib/action_dispatch/middleware/show_exceptions.rb:31:in `call'
railties (7.1.3) lib/rails/rack/logger.rb:37:in `call_app'
railties (7.1.3) lib/rails/rack/logger.rb:24:in `block in call'
activesupport (7.1.3) lib/active_support/tagged_logging.rb:135:in `block in tagged'
activesupport (7.1.3) lib/active_support/tagged_logging.rb:39:in `tagged'
activesupport (7.1.3) lib/active_support/tagged_logging.rb:135:in `tagged'
activesupport (7.1.3) lib/active_support/broadcast_logger.rb:240:in `method_missing'
railties (7.1.3) lib/rails/rack/logger.rb:24:in `call'
sprockets-rails (3.4.2) lib/sprockets/rails/quiet_assets.rb:13:in `call'
actionpack (7.1.3) lib/action_dispatch/middleware/remote_ip.rb:92:in `call'
actionpack (7.1.3) lib/action_dispatch/middleware/request_id.rb:28:in `call'
rack (3.0.9) lib/rack/method_override.rb:28:in `call'
rack (3.0.9) lib/rack/runtime.rb:24:in `call'
activesupport (7.1.3) lib/active_support/cache/strategy/local_cache_middleware.rb:29:in `call'
actionpack (7.1.3) lib/action_dispatch/middleware/server_timing.rb:59:in `block in call'
actionpack (7.1.3) lib/action_dispatch/middleware/server_timing.rb:24:in `collect_events'
actionpack (7.1.3) lib/action_dispatch/middleware/server_timing.rb:58:in `call'
actionpack (7.1.3) lib/action_dispatch/middleware/executor.rb:14:in `call'
actionpack (7.1.3) lib/action_dispatch/middleware/static.rb:25:in `call'
rack (3.0.9) lib/rack/sendfile.rb:114:in `call'
actionpack (7.1.3) lib/action_dispatch/middleware/host_authorization.rb:141:in `call'
railties (7.1.3) lib/rails/engine.rb:536:in `call'
puma (6.4.2) lib/puma/configuration.rb:272:in `call'
puma (6.4.2) lib/puma/request.rb:100:in `block in handle_request'
puma (6.4.2) lib/puma/thread_pool.rb:378:in `with_force_shutdown'
puma (6.4.2) lib/puma/request.rb:99:in `handle_request'
puma (6.4.2) lib/puma/server.rb:464:in `process_client'
puma (6.4.2) lib/puma/server.rb:245:in `block in run'
puma (6.4.2) lib/puma/thread_pool.rb:155:in `block in spawn_thread'
Started GET "/users" for ::1 at 2024-02-14 13:48:57 -0800
  
AbstractController::ActionNotFound (The action 'index' could not be found for UsersController):
  
actionpack (7.1.3) lib/abstract_controller/base.rb:155:in `process'
actionview (7.1.3) lib/action_view/rendering.rb:40:in `process'
actionpack (7.1.3) lib/action_controller/metal.rb:227:in `dispatch'
actionpack (7.1.3) lib/action_controller/metal.rb:309:in `dispatch'
actionpack (7.1.3) lib/action_dispatch/routing/route_set.rb:49:in `dispatch'
actionpack (7.1.3) lib/action_dispatch/routing/route_set.rb:32:in `serve'
actionpack (7.1.3) lib/action_dispatch/journey/router.rb:51:in `block in serve'
actionpack (7.1.3) lib/action_dispatch/journey/router.rb:131:in `block in find_routes'
actionpack (7.1.3) lib/action_dispatch/journey/router.rb:124:in `each'
actionpack (7.1.3) lib/action_dispatch/journey/router.rb:124:in `find_routes'
actionpack (7.1.3) lib/action_dispatch/journey/router.rb:32:in `serve'
actionpack (7.1.3) lib/action_dispatch/routing/route_set.rb:882:in `call'
rack (3.0.9) lib/rack/tempfile_reaper.rb:20:in `call'
rack (3.0.9) lib/rack/etag.rb:29:in `call'
rack (3.0.9) lib/rack/conditional_get.rb:31:in `call'
rack (3.0.9) lib/rack/head.rb:15:in `call'
actionpack (7.1.3) lib/action_dispatch/http/permissions_policy.rb:36:in `call'
actionpack (7.1.3) lib/action_dispatch/http/content_security_policy.rb:33:in `call'
rack-session (2.0.0) lib/rack/session/abstract/id.rb:272:in `context'
rack-session (2.0.0) lib/rack/session/abstract/id.rb:266:in `call'
actionpack (7.1.3) lib/action_dispatch/middleware/cookies.rb:689:in `call'
activerecord (7.1.3) lib/active_record/migration.rb:655:in `call'
actionpack (7.1.3) lib/action_dispatch/middleware/callbacks.rb:29:in `block in call'
activesupport (7.1.3) lib/active_support/callbacks.rb:101:in `run_callbacks'
actionpack (7.1.3) lib/action_dispatch/middleware/callbacks.rb:28:in `call'
actionpack (7.1.3) lib/action_dispatch/middleware/executor.rb:14:in `call'
actionpack (7.1.3) lib/action_dispatch/middleware/actionable_exceptions.rb:16:in `call'
actionpack (7.1.3) lib/action_dispatch/middleware/debug_exceptions.rb:29:in `call'
actionpack (7.1.3) lib/action_dispatch/middleware/show_exceptions.rb:31:in `call'
railties (7.1.3) lib/rails/rack/logger.rb:37:in `call_app'
railties (7.1.3) lib/rails/rack/logger.rb:24:in `block in call'
activesupport (7.1.3) lib/active_support/tagged_logging.rb:135:in `block in tagged'
activesupport (7.1.3) lib/active_support/tagged_logging.rb:39:in `tagged'
activesupport (7.1.3) lib/active_support/tagged_logging.rb:135:in `tagged'
activesupport (7.1.3) lib/active_support/broadcast_logger.rb:240:in `method_missing'
railties (7.1.3) lib/rails/rack/logger.rb:24:in `call'
sprockets-rails (3.4.2) lib/sprockets/rails/quiet_assets.rb:13:in `call'
actionpack (7.1.3) lib/action_dispatch/middleware/remote_ip.rb:92:in `call'
actionpack (7.1.3) lib/action_dispatch/middleware/request_id.rb:28:in `call'
rack (3.0.9) lib/rack/method_override.rb:28:in `call'
rack (3.0.9) lib/rack/runtime.rb:24:in `call'
activesupport (7.1.3) lib/active_support/cache/strategy/local_cache_middleware.rb:29:in `call'
actionpack (7.1.3) lib/action_dispatch/middleware/server_timing.rb:59:in `block in call'
actionpack (7.1.3) lib/action_dispatch/middleware/server_timing.rb:24:in `collect_events'
actionpack (7.1.3) lib/action_dispatch/middleware/server_timing.rb:58:in `call'
actionpack (7.1.3) lib/action_dispatch/middleware/executor.rb:14:in `call'
actionpack (7.1.3) lib/action_dispatch/middleware/static.rb:25:in `call'
rack (3.0.9) lib/rack/sendfile.rb:114:in `call'
actionpack (7.1.3) lib/action_dispatch/middleware/host_authorization.rb:141:in `call'
railties (7.1.3) lib/rails/engine.rb:536:in `call'
puma (6.4.2) lib/puma/configuration.rb:272:in `call'
puma (6.4.2) lib/puma/request.rb:100:in `block in handle_request'
puma (6.4.2) lib/puma/thread_pool.rb:378:in `with_force_shutdown'
puma (6.4.2) lib/puma/request.rb:99:in `handle_request'
puma (6.4.2) lib/puma/server.rb:464:in `process_client'
puma (6.4.2) lib/puma/server.rb:245:in `block in run'
puma (6.4.2) lib/puma/thread_pool.rb:155:in `block in spawn_thread'
Started GET "/users" for ::1 at 2024-02-14 13:49:00 -0800
  
AbstractController::ActionNotFound (The action 'index' could not be found for UsersController):
  
actionpack (7.1.3) lib/abstract_controller/base.rb:155:in `process'
actionview (7.1.3) lib/action_view/rendering.rb:40:in `process'
actionpack (7.1.3) lib/action_controller/metal.rb:227:in `dispatch'
actionpack (7.1.3) lib/action_controller/metal.rb:309:in `dispatch'
actionpack (7.1.3) lib/action_dispatch/routing/route_set.rb:49:in `dispatch'
actionpack (7.1.3) lib/action_dispatch/routing/route_set.rb:32:in `serve'
actionpack (7.1.3) lib/action_dispatch/journey/router.rb:51:in `block in serve'
actionpack (7.1.3) lib/action_dispatch/journey/router.rb:131:in `block in find_routes'
actionpack (7.1.3) lib/action_dispatch/journey/router.rb:124:in `each'
actionpack (7.1.3) lib/action_dispatch/journey/router.rb:124:in `find_routes'
actionpack (7.1.3) lib/action_dispatch/journey/router.rb:32:in `serve'
actionpack (7.1.3) lib/action_dispatch/routing/route_set.rb:882:in `call'
rack (3.0.9) lib/rack/tempfile_reaper.rb:20:in `call'
rack (3.0.9) lib/rack/etag.rb:29:in `call'
rack (3.0.9) lib/rack/conditional_get.rb:31:in `call'
rack (3.0.9) lib/rack/head.rb:15:in `call'
actionpack (7.1.3) lib/action_dispatch/http/permissions_policy.rb:36:in `call'
actionpack (7.1.3) lib/action_dispatch/http/content_security_policy.rb:33:in `call'
rack-session (2.0.0) lib/rack/session/abstract/id.rb:272:in `context'
rack-session (2.0.0) lib/rack/session/abstract/id.rb:266:in `call'
actionpack (7.1.3) lib/action_dispatch/middleware/cookies.rb:689:in `call'
activerecord (7.1.3) lib/active_record/migration.rb:655:in `call'
actionpack (7.1.3) lib/action_dispatch/middleware/callbacks.rb:29:in `block in call'
activesupport (7.1.3) lib/active_support/callbacks.rb:101:in `run_callbacks'
actionpack (7.1.3) lib/action_dispatch/middleware/callbacks.rb:28:in `call'
actionpack (7.1.3) lib/action_dispatch/middleware/executor.rb:14:in `call'
actionpack (7.1.3) lib/action_dispatch/middleware/actionable_exceptions.rb:16:in `call'
actionpack (7.1.3) lib/action_dispatch/middleware/debug_exceptions.rb:29:in `call'
actionpack (7.1.3) lib/action_dispatch/middleware/show_exceptions.rb:31:in `call'
railties (7.1.3) lib/rails/rack/logger.rb:37:in `call_app'
railties (7.1.3) lib/rails/rack/logger.rb:24:in `block in call'
activesupport (7.1.3) lib/active_support/tagged_logging.rb:135:in `block in tagged'
activesupport (7.1.3) lib/active_support/tagged_logging.rb:39:in `tagged'
activesupport (7.1.3) lib/active_support/tagged_logging.rb:135:in `tagged'
activesupport (7.1.3) lib/active_support/broadcast_logger.rb:240:in `method_missing'
railties (7.1.3) lib/rails/rack/logger.rb:24:in `call'
sprockets-rails (3.4.2) lib/sprockets/rails/quiet_assets.rb:13:in `call'
actionpack (7.1.3) lib/action_dispatch/middleware/remote_ip.rb:92:in `call'
actionpack (7.1.3) lib/action_dispatch/middleware/request_id.rb:28:in `call'
rack (3.0.9) lib/rack/method_override.rb:28:in `call'
rack (3.0.9) lib/rack/runtime.rb:24:in `call'
activesupport (7.1.3) lib/active_support/cache/strategy/local_cache_middleware.rb:29:in `call'
actionpack (7.1.3) lib/action_dispatch/middleware/server_timing.rb:59:in `block in call'
actionpack (7.1.3) lib/action_dispatch/middleware/server_timing.rb:24:in `collect_events'
actionpack (7.1.3) lib/action_dispatch/middleware/server_timing.rb:58:in `call'
actionpack (7.1.3) lib/action_dispatch/middleware/executor.rb:14:in `call'
actionpack (7.1.3) lib/action_dispatch/middleware/static.rb:25:in `call'
rack (3.0.9) lib/rack/sendfile.rb:114:in `call'
actionpack (7.1.3) lib/action_dispatch/middleware/host_authorization.rb:141:in `call'
railties (7.1.3) lib/rails/engine.rb:536:in `call'
puma (6.4.2) lib/puma/configuration.rb:272:in `call'
puma (6.4.2) lib/puma/request.rb:100:in `block in handle_request'
puma (6.4.2) lib/puma/thread_pool.rb:378:in `with_force_shutdown'
puma (6.4.2) lib/puma/request.rb:99:in `handle_request'
puma (6.4.2) lib/puma/server.rb:464:in `process_client'
puma (6.4.2) lib/puma/server.rb:245:in `block in run'
puma (6.4.2) lib/puma/thread_pool.rb:155:in `block in spawn_thread'
Started GET "/users" for ::1 at 2024-02-14 13:49:52 -0800
Processing by UsersController#index as HTML
Completed 406 Not Acceptable in 1ms (ActiveRecord: 0.0ms | Allocations: 320)


  
ActionController::MissingExactTemplate (UsersController#index is missing a template for request formats: text/html):
  
actionpack (7.1.3) lib/action_controller/metal/implicit_render.rb:47:in `default_render'
actionpack (7.1.3) lib/action_controller/metal/basic_implicit_render.rb:7:in `send_action'
actionpack (7.1.3) lib/abstract_controller/base.rb:224:in `process_action'
actionpack (7.1.3) lib/action_controller/metal/rendering.rb:165:in `process_action'
actionpack (7.1.3) lib/abstract_controller/callbacks.rb:259:in `block in process_action'
activesupport (7.1.3) lib/active_support/callbacks.rb:101:in `run_callbacks'
actionpack (7.1.3) lib/abstract_controller/callbacks.rb:258:in `process_action'
actionpack (7.1.3) lib/action_controller/metal/rescue.rb:25:in `process_action'
actionpack (7.1.3) lib/action_controller/metal/instrumentation.rb:74:in `block in process_action'
activesupport (7.1.3) lib/active_support/notifications.rb:206:in `block in instrument'
activesupport (7.1.3) lib/active_support/notifications/instrumenter.rb:58:in `instrument'
activesupport (7.1.3) lib/active_support/notifications.rb:206:in `instrument'
actionpack (7.1.3) lib/action_controller/metal/instrumentation.rb:73:in `process_action'
actionpack (7.1.3) lib/action_controller/metal/params_wrapper.rb:261:in `process_action'
activerecord (7.1.3) lib/active_record/railties/controller_runtime.rb:32:in `process_action'
actionpack (7.1.3) lib/abstract_controller/base.rb:160:in `process'
actionview (7.1.3) lib/action_view/rendering.rb:40:in `process'
actionpack (7.1.3) lib/action_controller/metal.rb:227:in `dispatch'
actionpack (7.1.3) lib/action_controller/metal.rb:309:in `dispatch'
actionpack (7.1.3) lib/action_dispatch/routing/route_set.rb:49:in `dispatch'
actionpack (7.1.3) lib/action_dispatch/routing/route_set.rb:32:in `serve'
actionpack (7.1.3) lib/action_dispatch/journey/router.rb:51:in `block in serve'
actionpack (7.1.3) lib/action_dispatch/journey/router.rb:131:in `block in find_routes'
actionpack (7.1.3) lib/action_dispatch/journey/router.rb:124:in `each'
actionpack (7.1.3) lib/action_dispatch/journey/router.rb:124:in `find_routes'
actionpack (7.1.3) lib/action_dispatch/journey/router.rb:32:in `serve'
actionpack (7.1.3) lib/action_dispatch/routing/route_set.rb:882:in `call'
rack (3.0.9) lib/rack/tempfile_reaper.rb:20:in `call'
rack (3.0.9) lib/rack/etag.rb:29:in `call'
rack (3.0.9) lib/rack/conditional_get.rb:31:in `call'
rack (3.0.9) lib/rack/head.rb:15:in `call'
actionpack (7.1.3) lib/action_dispatch/http/permissions_policy.rb:36:in `call'
actionpack (7.1.3) lib/action_dispatch/http/content_security_policy.rb:33:in `call'
rack-session (2.0.0) lib/rack/session/abstract/id.rb:272:in `context'
rack-session (2.0.0) lib/rack/session/abstract/id.rb:266:in `call'
actionpack (7.1.3) lib/action_dispatch/middleware/cookies.rb:689:in `call'
activerecord (7.1.3) lib/active_record/migration.rb:655:in `call'
actionpack (7.1.3) lib/action_dispatch/middleware/callbacks.rb:29:in `block in call'
activesupport (7.1.3) lib/active_support/callbacks.rb:101:in `run_callbacks'
actionpack (7.1.3) lib/action_dispatch/middleware/callbacks.rb:28:in `call'
actionpack (7.1.3) lib/action_dispatch/middleware/executor.rb:14:in `call'
actionpack (7.1.3) lib/action_dispatch/middleware/actionable_exceptions.rb:16:in `call'
actionpack (7.1.3) lib/action_dispatch/middleware/debug_exceptions.rb:29:in `call'
actionpack (7.1.3) lib/action_dispatch/middleware/show_exceptions.rb:31:in `call'
railties (7.1.3) lib/rails/rack/logger.rb:37:in `call_app'
railties (7.1.3) lib/rails/rack/logger.rb:24:in `block in call'
activesupport (7.1.3) lib/active_support/tagged_logging.rb:135:in `block in tagged'
activesupport (7.1.3) lib/active_support/tagged_logging.rb:39:in `tagged'
activesupport (7.1.3) lib/active_support/tagged_logging.rb:135:in `tagged'
activesupport (7.1.3) lib/active_support/broadcast_logger.rb:240:in `method_missing'
railties (7.1.3) lib/rails/rack/logger.rb:24:in `call'
sprockets-rails (3.4.2) lib/sprockets/rails/quiet_assets.rb:13:in `call'
actionpack (7.1.3) lib/action_dispatch/middleware/remote_ip.rb:92:in `call'
actionpack (7.1.3) lib/action_dispatch/middleware/request_id.rb:28:in `call'
rack (3.0.9) lib/rack/method_override.rb:28:in `call'
rack (3.0.9) lib/rack/runtime.rb:24:in `call'
activesupport (7.1.3) lib/active_support/cache/strategy/local_cache_middleware.rb:29:in `call'
actionpack (7.1.3) lib/action_dispatch/middleware/server_timing.rb:59:in `block in call'
actionpack (7.1.3) lib/action_dispatch/middleware/server_timing.rb:24:in `collect_events'
actionpack (7.1.3) lib/action_dispatch/middleware/server_timing.rb:58:in `call'
actionpack (7.1.3) lib/action_dispatch/middleware/executor.rb:14:in `call'
actionpack (7.1.3) lib/action_dispatch/middleware/static.rb:25:in `call'
rack (3.0.9) lib/rack/sendfile.rb:114:in `call'
actionpack (7.1.3) lib/action_dispatch/middleware/host_authorization.rb:141:in `call'
railties (7.1.3) lib/rails/engine.rb:536:in `call'
puma (6.4.2) lib/puma/configuration.rb:272:in `call'
puma (6.4.2) lib/puma/request.rb:100:in `block in handle_request'
puma (6.4.2) lib/puma/thread_pool.rb:378:in `with_force_shutdown'
puma (6.4.2) lib/puma/request.rb:99:in `handle_request'
puma (6.4.2) lib/puma/server.rb:464:in `process_client'
puma (6.4.2) lib/puma/server.rb:245:in `block in run'
puma (6.4.2) lib/puma/thread_pool.rb:155:in `block in spawn_thread'
Started GET "/users" for ::1 at 2024-02-14 13:50:15 -0800
Processing by UsersController#index as */*
  Rendering text template
  Rendered text template (Duration: 0.0ms | Allocations: 3)
Completed 200 OK in 6ms (Views: 5.8ms | ActiveRecord: 0.0ms | Allocations: 566)


Started GET "/users" for ::1 at 2024-02-14 13:50:19 -0800
Processing by UsersController#index as HTML
  Rendering text template
  Rendered text template (Duration: 0.0ms | Allocations: 1)
Completed 200 OK in 1ms (Views: 1.0ms | ActiveRecord: 0.0ms | Allocations: 155)


